============================= test session starts =============================
platform win32 -- Python 3.13.5, pytest-9.0.2, pluggy-1.6.0
rootdir: C:\Users\jhapg\OneDrive\Desktop\backend
configfile: pytest.ini
plugins: anyio-4.12.1, asyncio-1.3.0
asyncio: mode=Mode.STRICT, debug=False, asyncio_default_fixture_loop_scope=None, asyncio_default_test_loop_scope=function
collected 2 items / 2 errors

=================================== ERRORS ====================================
___________________ ERROR collecting app/test/test_auth.py ____________________
ImportError while importing test module 'C:\Users\jhapg\OneDrive\Desktop\backend\app\test\test_auth.py'.
Hint: make sure your test modules/packages have valid Python names.
Traceback:
.venv\Lib\site-packages\pydantic\networks.py:965: in import_email_validator
    import email_validator
E   ModuleNotFoundError: No module named 'email_validator'

The above exception was the direct cause of the following exception:
..\..\..\AppData\Local\Programs\Python\Python313\Lib\importlib\__init__.py:88: in import_module
    return _bootstrap._gcd_import(name[level:], package, level)
           ^^^^^^^^^^^^^^^^^^^^^^^^^^^^^^^^^^^^^^^^^^^^^^^^^^^^
app\test\test_auth.py:4: in <module>
    from app.main import app
app\main.py:6: in <module>
    from app.routers import auth, users
app\routers\auth.py:7: in <module>
    from app.schemas.users import Token
app\schemas\users.py:8: in <module>
    class UserCreate(BaseModel):
.venv\Lib\site-packages\pydantic\_internal\_model_construction.py:255: in __new__
    complete_model_class(
.venv\Lib\site-packages\pydantic\_internal\_model_construction.py:648: in complete_model_class
    schema = gen_schema.generate_schema(cls)
             ^^^^^^^^^^^^^^^^^^^^^^^^^^^^^^^
.venv\Lib\site-packages\pydantic\_internal\_generate_schema.py:729: in generate_schema
    schema = self._generate_schema_inner(obj)
             ^^^^^^^^^^^^^^^^^^^^^^^^^^^^^^^^
.venv\Lib\site-packages\pydantic\_internal\_generate_schema.py:1023: in _generate_schema_inner
    return self._model_schema(obj)
           ^^^^^^^^^^^^^^^^^^^^^^^
.venv\Lib\site-packages\pydantic\_internal\_generate_schema.py:856: in _model_schema
    {k: self._generate_md_field_schema(k, v, decorators) for k, v in fields.items()},
        ^^^^^^^^^^^^^^^^^^^^^^^^^^^^^^^^^^^^^^^^^^^^^^^^
.venv\Lib\site-packages\pydantic\_internal\_generate_schema.py:1228: in _generate_md_field_schema
    schema, metadata = self._common_field_schema(name, field_info, decorators)
                       ^^^^^^^^^^^^^^^^^^^^^^^^^^^^^^^^^^^^^^^^^^^^^^^^^^^^^^^
.venv\Lib\site-packages\pydantic\_internal\_generate_schema.py:1282: in _common_field_schema
    schema = self._apply_annotations(
.venv\Lib\site-packages\pydantic\_internal\_generate_schema.py:2227: in _apply_annotations
    schema = get_inner_schema(source_type)
             ^^^^^^^^^^^^^^^^^^^^^^^^^^^^^
.venv\Lib\site-packages\pydantic\_internal\_schema_generation_shared.py:83: in __call__
    schema = self._handler(source_type)
             ^^^^^^^^^^^^^^^^^^^^^^^^^^
.venv\Lib\site-packages\pydantic\_internal\_generate_schema.py:2203: in inner_handler
    schema = self._generate_schema_from_get_schema_method(obj, source_type)
             ^^^^^^^^^^^^^^^^^^^^^^^^^^^^^^^^^^^^^^^^^^^^^^^^^^^^^^^^^^^^^^
.venv\Lib\site-packages\pydantic\_internal\_generate_schema.py:919: in _generate_schema_from_get_schema_method
    schema = get_schema(
.venv\Lib\site-packages\pydantic\networks.py:1005: in __get_pydantic_core_schema__
    import_email_validator()
.venv\Lib\site-packages\pydantic\networks.py:967: in import_email_validator
    raise ImportError("email-validator is not installed, run `pip install 'pydantic[email]'`") from e
E   ImportError: email-validator is not installed, run `pip install 'pydantic[email]'`
___________________ ERROR collecting app/test/test_users.py ___________________
ImportError while importing test module 'C:\Users\jhapg\OneDrive\Desktop\backend\app\test\test_users.py'.
Hint: make sure your test modules/packages have valid Python names.
Traceback:
.venv\Lib\site-packages\pydantic\networks.py:965: in import_email_validator
    import email_validator
E   ModuleNotFoundError: No module named 'email_validator'

The above exception was the direct cause of the following exception:
..\..\..\AppData\Local\Programs\Python\Python313\Lib\importlib\__init__.py:88: in import_module
    return _bootstrap._gcd_import(name[level:], package, level)
           ^^^^^^^^^^^^^^^^^^^^^^^^^^^^^^^^^^^^^^^^^^^^^^^^^^^^
app\test\test_users.py:4: in <module>
    from app.main import app
app\main.py:6: in <module>
    from app.routers import auth, users
app\routers\auth.py:7: in <module>
    from app.schemas.users import Token
app\schemas\users.py:8: in <module>
    class UserCreate(BaseModel):
.venv\Lib\site-packages\pydantic\_internal\_model_construction.py:255: in __new__
    complete_model_class(
.venv\Lib\site-packages\pydantic\_internal\_model_construction.py:648: in complete_model_class
    schema = gen_schema.generate_schema(cls)
             ^^^^^^^^^^^^^^^^^^^^^^^^^^^^^^^
.venv\Lib\site-packages\pydantic\_internal\_generate_schema.py:729: in generate_schema
    schema = self._generate_schema_inner(obj)
             ^^^^^^^^^^^^^^^^^^^^^^^^^^^^^^^^
.venv\Lib\site-packages\pydantic\_internal\_generate_schema.py:1023: in _generate_schema_inner
    return self._model_schema(obj)
           ^^^^^^^^^^^^^^^^^^^^^^^
.venv\Lib\site-packages\pydantic\_internal\_generate_schema.py:856: in _model_schema
    {k: self._generate_md_field_schema(k, v, decorators) for k, v in fields.items()},
        ^^^^^^^^^^^^^^^^^^^^^^^^^^^^^^^^^^^^^^^^^^^^^^^^
.venv\Lib\site-packages\pydantic\_internal\_generate_schema.py:1228: in _generate_md_field_schema
    schema, metadata = self._common_field_schema(name, field_info, decorators)
                       ^^^^^^^^^^^^^^^^^^^^^^^^^^^^^^^^^^^^^^^^^^^^^^^^^^^^^^^
.venv\Lib\site-packages\pydantic\_internal\_generate_schema.py:1282: in _common_field_schema
    schema = self._apply_annotations(
.venv\Lib\site-packages\pydantic\_internal\_generate_schema.py:2227: in _apply_annotations
    schema = get_inner_schema(source_type)
             ^^^^^^^^^^^^^^^^^^^^^^^^^^^^^
.venv\Lib\site-packages\pydantic\_internal\_schema_generation_shared.py:83: in __call__
    schema = self._handler(source_type)
             ^^^^^^^^^^^^^^^^^^^^^^^^^^
.venv\Lib\site-packages\pydantic\_internal\_generate_schema.py:2203: in inner_handler
    schema = self._generate_schema_from_get_schema_method(obj, source_type)
             ^^^^^^^^^^^^^^^^^^^^^^^^^^^^^^^^^^^^^^^^^^^^^^^^^^^^^^^^^^^^^^
.venv\Lib\site-packages\pydantic\_internal\_generate_schema.py:919: in _generate_schema_from_get_schema_method
    schema = get_schema(
.venv\Lib\site-packages\pydantic\networks.py:1005: in __get_pydantic_core_schema__
    import_email_validator()
.venv\Lib\site-packages\pydantic\networks.py:967: in import_email_validator
    raise ImportError("email-validator is not installed, run `pip install 'pydantic[email]'`") from e
E   ImportError: email-validator is not installed, run `pip install 'pydantic[email]'`
=========================== short test summary info ===========================
ERROR app/test/test_auth.py
ERROR app/test/test_users.py
!!!!!!!!!!!!!!!!!!! Interrupted: 2 errors during collection !!!!!!!!!!!!!!!!!!!
============================== 2 errors in 1.42s ==============================
